0 info it worked if it ends with ok
1 verbose cli [ '/usr/bin/node', '/usr/bin/npm', 'install', '-g', 'bower' ]
2 info using npm@1.4.28
3 info using node@v0.10.37
4 verbose node symlink /usr/bin/node
5 verbose cache add [ 'bower', null ]
6 verbose cache add name=undefined spec="bower" args=["bower",null]
7 verbose parsed url { protocol: null,
7 verbose parsed url   slashes: null,
7 verbose parsed url   auth: null,
7 verbose parsed url   host: null,
7 verbose parsed url   port: null,
7 verbose parsed url   hostname: null,
7 verbose parsed url   hash: null,
7 verbose parsed url   search: null,
7 verbose parsed url   query: null,
7 verbose parsed url   pathname: 'bower',
7 verbose parsed url   path: 'bower',
7 verbose parsed url   href: 'bower' }
8 silly lockFile 206e3ce5-bower bower
9 verbose lock bower /home/richard/.npm/206e3ce5-bower.lock
10 silly lockFile 206e3ce5-bower bower
11 silly lockFile 206e3ce5-bower bower
12 verbose addNamed [ 'bower', '' ]
13 verbose addNamed [ null, '*' ]
14 silly lockFile 1240aab1-bower bower@
15 verbose lock bower@ /home/richard/.npm/1240aab1-bower.lock
16 silly addNameRange { name: 'bower', range: '*', hasData: false }
17 verbose request where is /bower
18 verbose request registry https://registry.npmjs.org/
19 verbose request id 337bb56418362245
20 verbose url raw /bower
21 verbose url resolving [ 'https://registry.npmjs.org/', './bower' ]
22 verbose url resolved https://registry.npmjs.org/bower
23 verbose request where is https://registry.npmjs.org/bower
24 info trying registry request attempt 1 at 22:03:49
25 verbose etag "EPAF1JJ45JIB3TIGMO9VYR1E3"
26 http GET https://registry.npmjs.org/bower
27 http 304 https://registry.npmjs.org/bower
28 silly registry.get cb [ 304,
28 silly registry.get   { date: 'Sat, 04 Apr 2015 20:03:49 GMT',
28 silly registry.get     server: 'Apache',
28 silly registry.get     via: '1.1 varnish',
28 silly registry.get     'last-modified': 'Sat, 04 Apr 2015 20:03:49 GMT',
28 silly registry.get     'cache-control': 'max-age=60',
28 silly registry.get     etag: '"EPAF1JJ45JIB3TIGMO9VYR1E3"',
28 silly registry.get     age: '58',
28 silly registry.get     'x-served-by': 'cache-ams4121-AMS',
28 silly registry.get     'x-cache': 'HIT',
28 silly registry.get     'x-cache-hits': '1',
28 silly registry.get     'x-timer': 'S1428177829.706576,VS0,VE0',
28 silly registry.get     vary: 'Accept',
28 silly registry.get     'content-length': '0',
28 silly registry.get     'keep-alive': 'timeout=10, max=50',
28 silly registry.get     connection: 'Keep-Alive' } ]
29 verbose etag https://registry.npmjs.org/bower from cache
30 silly addNameRange number 2 { name: 'bower', range: '*', hasData: true }
31 silly addNameRange versions [ 'bower',
31 silly addNameRange   [ '0.1.0',
31 silly addNameRange     '0.1.2',
31 silly addNameRange     '0.1.3',
31 silly addNameRange     '0.2.0',
31 silly addNameRange     '0.3.0',
31 silly addNameRange     '0.3.1',
31 silly addNameRange     '0.3.2',
31 silly addNameRange     '0.4.0',
31 silly addNameRange     '0.5.0',
31 silly addNameRange     '0.5.1',
31 silly addNameRange     '0.6.0',
31 silly addNameRange     '0.6.1',
31 silly addNameRange     '0.6.2',
31 silly addNameRange     '0.6.3',
31 silly addNameRange     '0.6.4',
31 silly addNameRange     '0.6.5',
31 silly addNameRange     '0.6.6',
31 silly addNameRange     '0.6.7',
31 silly addNameRange     '0.6.8',
31 silly addNameRange     '0.7.0',
31 silly addNameRange     '0.7.1',
31 silly addNameRange     '0.8.0',
31 silly addNameRange     '0.8.1',
31 silly addNameRange     '0.8.2',
31 silly addNameRange     '0.8.3',
31 silly addNameRange     '0.8.4',
31 silly addNameRange     '0.8.5',
31 silly addNameRange     '0.8.6',
31 silly addNameRange     '0.9.0',
31 silly addNameRange     '0.9.1',
31 silly addNameRange     '0.9.2',
31 silly addNameRange     '0.10.0',
31 silly addNameRange     '1.0.0',
31 silly addNameRange     '1.0.1',
31 silly addNameRange     '1.0.2',
31 silly addNameRange     '1.0.3',
31 silly addNameRange     '1.1.0',
31 silly addNameRange     '1.1.1',
31 silly addNameRange     '1.1.2',
31 silly addNameRange     '1.2.0',
31 silly addNameRange     '1.2.1',
31 silly addNameRange     '1.2.2',
31 silly addNameRange     '1.2.3',
31 silly addNameRange     '1.2.4',
31 silly addNameRange     '1.2.5',
31 silly addNameRange     '1.2.6',
31 silly addNameRange     '1.2.7',
31 silly addNameRange     '1.2.8',
31 silly addNameRange     '1.3.0',
31 silly addNameRange     '1.3.1',
31 silly addNameRange     '1.3.2',
31 silly addNameRange     '1.3.3',
31 silly addNameRange     '1.3.4',
31 silly addNameRange     '1.3.5',
31 silly addNameRange     '1.3.6',
31 silly addNameRange     '1.3.7',
31 silly addNameRange     '1.3.8',
31 silly addNameRange     '1.3.9',
31 silly addNameRange     '1.3.10',
31 silly addNameRange     '1.3.11',
31 silly addNameRange     '1.3.12',
31 silly addNameRange     '1.4.0',
31 silly addNameRange     '1.4.1' ] ]
32 verbose addNamed [ 'bower', '1.4.1' ]
33 verbose addNamed [ '1.4.1', '1.4.1' ]
34 silly lockFile 185f46c0-bower-1-4-1 bower@1.4.1
35 verbose lock bower@1.4.1 /home/richard/.npm/185f46c0-bower-1-4-1.lock
36 silly lockFile 04dcb06b--npmjs-org-bower-bower-1-4-1-tgz https://registry.npmjs.org/bower/-/bower-1.4.1.tgz
37 verbose lock https://registry.npmjs.org/bower/-/bower-1.4.1.tgz /home/richard/.npm/04dcb06b--npmjs-org-bower-bower-1-4-1-tgz.lock
38 verbose addRemoteTarball [ 'https://registry.npmjs.org/bower/-/bower-1.4.1.tgz',
38 verbose addRemoteTarball   'a18be39d030792754f30f1c5b32d37b0156ba8dd' ]
39 info retry fetch attempt 1 at 22:03:49
40 verbose fetch to= /tmp/npm-5125-CidpbfTc/registry.npmjs.org/bower/-/bower-1.4.1.tgz
41 http GET https://registry.npmjs.org/bower/-/bower-1.4.1.tgz
42 http 200 https://registry.npmjs.org/bower/-/bower-1.4.1.tgz
43 silly lockFile 04dcb06b--npmjs-org-bower-bower-1-4-1-tgz https://registry.npmjs.org/bower/-/bower-1.4.1.tgz
44 silly lockFile 04dcb06b--npmjs-org-bower-bower-1-4-1-tgz https://registry.npmjs.org/bower/-/bower-1.4.1.tgz
45 silly lockFile 185f46c0-bower-1-4-1 bower@1.4.1
46 silly lockFile 185f46c0-bower-1-4-1 bower@1.4.1
47 silly lockFile 1240aab1-bower bower@
48 silly lockFile 1240aab1-bower bower@
49 silly resolved [ { name: 'bower',
49 silly resolved     version: '1.4.1',
49 silly resolved     description: 'The browser package manager',
49 silly resolved     author: { name: 'Twitter' },
49 silly resolved     licenses: [ [Object] ],
49 silly resolved     repository: { type: 'git', url: 'https://github.com/bower/bower' },
49 silly resolved     main: 'lib',
49 silly resolved     homepage: 'http://bower.io',
49 silly resolved     engines: { node: '>=0.10.0' },
49 silly resolved     dependencies:
49 silly resolved      { abbrev: '^1.0.5',
49 silly resolved        archy: '1.0.0',
49 silly resolved        'bower-config': '^0.6.1',
49 silly resolved        'bower-endpoint-parser': '^0.2.2',
49 silly resolved        'bower-json': '^0.4.0',
49 silly resolved        'bower-logger': '^0.2.2',
49 silly resolved        'bower-registry-client': '^0.3.0',
49 silly resolved        cardinal: '0.4.4',
49 silly resolved        chalk: '^1.0.0',
49 silly resolved        chmodr: '0.1.0',
49 silly resolved        configstore: '^0.3.2',
49 silly resolved        'decompress-zip': '^0.1.0',
49 silly resolved        fstream: '^1.0.3',
49 silly resolved        'fstream-ignore': '^1.0.2',
49 silly resolved        github: '^0.2.3',
49 silly resolved        glob: '^4.3.2',
49 silly resolved        'graceful-fs': '^3.0.5',
49 silly resolved        handlebars: '^2.0.0',
49 silly resolved        inquirer: '0.8.0',
49 silly resolved        insight: '^0.5.0',
49 silly resolved        'is-root': '^1.0.0',
49 silly resolved        junk: '^1.0.0',
49 silly resolved        lockfile: '^1.0.0',
49 silly resolved        'lru-cache': '^2.5.0',
49 silly resolved        mkdirp: '0.5.0',
49 silly resolved        mout: '^0.11.0',
49 silly resolved        nopt: '^3.0.1',
49 silly resolved        opn: '^1.0.1',
49 silly resolved        'p-throttler': '0.1.1',
49 silly resolved        promptly: '0.2.0',
49 silly resolved        q: '^1.1.2',
49 silly resolved        request: '2.53.0',
49 silly resolved        'request-progress': '0.3.1',
49 silly resolved        retry: '0.6.1',
49 silly resolved        rimraf: '^2.2.8',
49 silly resolved        semver: '^2.3.0',
49 silly resolved        'shell-quote': '^1.4.2',
49 silly resolved        'stringify-object': '^1.0.0',
49 silly resolved        'tar-fs': '^1.4.1',
49 silly resolved        tmp: '0.0.24',
49 silly resolved        'update-notifier': '^0.3.0',
49 silly resolved        'user-home': '^1.1.0',
49 silly resolved        which: '^1.0.8' },
49 silly resolved     devDependencies:
49 silly resolved      { chai: '^1.10.0',
49 silly resolved        coveralls: '^2.11.2',
49 silly resolved        'expect.js': '^0.3.1',
49 silly resolved        grunt: '^0.4.5',
49 silly resolved        'grunt-cli': '^0.1.13',
49 silly resolved        'grunt-contrib-jshint': '^0.10.0',
49 silly resolved        'grunt-contrib-watch': '^0.6.1',
49 silly resolved        'grunt-exec': '^0.4.6',
49 silly resolved        'grunt-simple-mocha': '^0.4.0',
49 silly resolved        istanbul: '^0.3.5',
49 silly resolved        'load-grunt-tasks': '^2.0.0',
49 silly resolved        mocha: '^2.1.0',
49 silly resolved        multiline: '^1.0.2',
49 silly resolved        nock: '^0.56.0',
49 silly resolved        'node-uuid': '^1.4.2',
49 silly resolved        proxyquire: '^1.3.0',
49 silly resolved        'spawn-sync': '^1.0.5' },
49 silly resolved     scripts: { test: 'grunt test' },
49 silly resolved     bin: { bower: 'bin/bower' },
49 silly resolved     preferGlobal: true,
49 silly resolved     gitHead: 'a1287416d40f944d58cb8f2e774e2076bfffd32f',
49 silly resolved     bugs: { url: 'https://github.com/bower/bower/issues' },
49 silly resolved     _id: 'bower@1.4.1',
49 silly resolved     _shasum: 'a18be39d030792754f30f1c5b32d37b0156ba8dd',
49 silly resolved     _from: 'bower@',
49 silly resolved     _npmVersion: '2.7.4',
49 silly resolved     _nodeVersion: '0.12.0',
49 silly resolved     _npmUser: { name: 'sheerun', email: 'sheerun@sher.pl' },
49 silly resolved     maintainers: [ [Object], [Object], [Object], [Object], [Object], [Object] ],
49 silly resolved     dist:
49 silly resolved      { shasum: 'a18be39d030792754f30f1c5b32d37b0156ba8dd',
49 silly resolved        tarball: 'http://registry.npmjs.org/bower/-/bower-1.4.1.tgz' },
49 silly resolved     directories: {},
49 silly resolved     _resolved: 'https://registry.npmjs.org/bower/-/bower-1.4.1.tgz' } ]
50 info install bower@1.4.1 into /usr/lib
51 info installOne bower@1.4.1
52 verbose lib/node_modules/bower unbuild
53 verbose tar unpack /home/richard/.npm/bower/1.4.1/package.tgz
54 silly lockFile 6f53a3f9-tar-usr-lib-node-modules-bower tar:///usr/lib/node_modules/bower
55 verbose lock tar:///usr/lib/node_modules/bower /home/richard/.npm/6f53a3f9-tar-usr-lib-node-modules-bower.lock
56 silly lockFile c56fd120-hard-npm-bower-1-4-1-package-tgz tar:///home/richard/.npm/bower/1.4.1/package.tgz
57 verbose lock tar:///home/richard/.npm/bower/1.4.1/package.tgz /home/richard/.npm/c56fd120-hard-npm-bower-1-4-1-package-tgz.lock
58 silly gunzTarPerm modes [ '755', '644' ]
59 error Error: EACCES, mkdir '/usr/lib/node_modules/bower'
59 error  { [Error: EACCES, mkdir '/usr/lib/node_modules/bower']
59 error   errno: 3,
59 error   code: 'EACCES',
59 error   path: '/usr/lib/node_modules/bower',
59 error   fstream_type: 'Directory',
59 error   fstream_path: '/usr/lib/node_modules/bower',
59 error   fstream_class: 'DirWriter',
59 error   fstream_stack:
59 error    [ '/usr/lib/node_modules/npm/node_modules/fstream/lib/dir-writer.js:36:23',
59 error      '/usr/lib/node_modules/npm/node_modules/mkdirp/index.js:46:53',
59 error      'Object.oncomplete (fs.js:108:15)' ] }
60 error Please try running this command again as root/Administrator.
61 error System Linux 3.13.0-24-generic
62 error command "/usr/bin/node" "/usr/bin/npm" "install" "-g" "bower"
63 error cwd /home/richard/Documents/angular
64 error node -v v0.10.37
65 error npm -v 1.4.28
66 error path /usr/lib/node_modules/bower
67 error fstream_path /usr/lib/node_modules/bower
68 error fstream_type Directory
69 error fstream_class DirWriter
70 error code EACCES
71 error errno 3
72 error stack Error: EACCES, mkdir '/usr/lib/node_modules/bower'
73 error fstream_stack /usr/lib/node_modules/npm/node_modules/fstream/lib/dir-writer.js:36:23
73 error fstream_stack /usr/lib/node_modules/npm/node_modules/mkdirp/index.js:46:53
73 error fstream_stack Object.oncomplete (fs.js:108:15)
74 verbose exit [ 3, true ]
